<?xml version="1.0" encoding="UTF-8"?>
<!-- Generated by org.testng.reporters.JUnitReportReporter -->
<testsuite hostname="DESKTOP-JDMCM2F" failures="0" tests="1" name="demo.Flipkart" time="33.333" errors="0" timestamp="2023-07-20T14:02:38 IST" skipped="0">
  <testcase classname="demo.Flipkart" name="FlipkartTest" time="33.333"/>
  <system-out/>
</testsuite> <!-- demo.Flipkart -->
